Determining if the pthread_create exist failed with the following output:
Change Dir: /home/dlonng/Autopilot-XMU/LidarImageFusion/fusion_kitti/build/CMakeFiles/CMakeTmp

Run Build Command:"/usr/bin/make" "cmTC_6f97a/fast"
/usr/bin/make -f CMakeFiles/cmTC_6f97a.dir/build.make CMakeFiles/cmTC_6f97a.dir/build
make[1]: Entering directory '/home/dlonng/Autopilot-XMU/LidarImageFusion/fusion_kitti/build/CMakeFiles/CMakeTmp'
Building C object CMakeFiles/cmTC_6f97a.dir/CheckSymbolExists.c.o
/usr/bin/cc     -o CMakeFiles/cmTC_6f97a.dir/CheckSymbolExists.c.o   -c /home/dlonng/Autopilot-XMU/LidarImageFusion/fusion_kitti/build/CMakeFiles/CMakeTmp/CheckSymbolExists.c
Linking C executable cmTC_6f97a
/usr/bin/cmake -E cmake_link_script CMakeFiles/cmTC_6f97a.dir/link.txt --verbose=1
/usr/bin/cc       CMakeFiles/cmTC_6f97a.dir/CheckSymbolExists.c.o  -o cmTC_6f97a -rdynamic 
CMakeFiles/cmTC_6f97a.dir/CheckSymbolExists.c.o: In function `main':
CheckSymbolExists.c:(.text+0x16): undefined reference to `pthread_create'
collect2: error: ld returned 1 exit status
CMakeFiles/cmTC_6f97a.dir/build.make:97: recipe for target 'cmTC_6f97a' failed
make[1]: *** [cmTC_6f97a] Error 1
make[1]: Leaving directory '/home/dlonng/Autopilot-XMU/LidarImageFusion/fusion_kitti/build/CMakeFiles/CMakeTmp'
Makefile:126: recipe for target 'cmTC_6f97a/fast' failed
make: *** [cmTC_6f97a/fast] Error 2

File /home/dlonng/Autopilot-XMU/LidarImageFusion/fusion_kitti/build/CMakeFiles/CMakeTmp/CheckSymbolExists.c:
/* */
#include <pthread.h>

int main(int argc, char** argv)
{
  (void)argv;
#ifndef pthread_create
  return ((int*)(&pthread_create))[argc];
#else
  (void)argc;
  return 0;
#endif
}

Determining if the function pthread_create exists in the pthreads failed with the following output:
Change Dir: /home/dlonng/Autopilot-XMU/LidarImageFusion/fusion_kitti/build/CMakeFiles/CMakeTmp

Run Build Command:"/usr/bin/make" "cmTC_f35ac/fast"
/usr/bin/make -f CMakeFiles/cmTC_f35ac.dir/build.make CMakeFiles/cmTC_f35ac.dir/build
make[1]: Entering directory '/home/dlonng/Autopilot-XMU/LidarImageFusion/fusion_kitti/build/CMakeFiles/CMakeTmp'
Building C object CMakeFiles/cmTC_f35ac.dir/CheckFunctionExists.c.o
/usr/bin/cc    -DCHECK_FUNCTION_EXISTS=pthread_create   -o CMakeFiles/cmTC_f35ac.dir/CheckFunctionExists.c.o   -c /usr/share/cmake-3.5/Modules/CheckFunctionExists.c
Linking C executable cmTC_f35ac
/usr/bin/cmake -E cmake_link_script CMakeFiles/cmTC_f35ac.dir/link.txt --verbose=1
/usr/bin/cc   -DCHECK_FUNCTION_EXISTS=pthread_create    CMakeFiles/cmTC_f35ac.dir/CheckFunctionExists.c.o  -o cmTC_f35ac -rdynamic -lpthreads 
/usr/bin/ld: cannot find -lpthreads
collect2: error: ld returned 1 exit status
CMakeFiles/cmTC_f35ac.dir/build.make:97: recipe for target 'cmTC_f35ac' failed
make[1]: *** [cmTC_f35ac] Error 1
make[1]: Leaving directory '/home/dlonng/Autopilot-XMU/LidarImageFusion/fusion_kitti/build/CMakeFiles/CMakeTmp'
Makefile:126: recipe for target 'cmTC_f35ac/fast' failed
make: *** [cmTC_f35ac/fast] Error 2


