Determining if the pthread_create exist failed with the following output:
Change Dir: /home/dlonng/Documents/pcl_work/BasicUsage/UsingPCLInYourOwnProject/build/CMakeFiles/CMakeTmp

Run Build Command:"/usr/bin/make" "cmTC_faafe/fast"
/usr/bin/make -f CMakeFiles/cmTC_faafe.dir/build.make CMakeFiles/cmTC_faafe.dir/build
make[1]: Entering directory '/home/dlonng/Documents/pcl_work/BasicUsage/UsingPCLInYourOwnProject/build/CMakeFiles/CMakeTmp'
Building C object CMakeFiles/cmTC_faafe.dir/CheckSymbolExists.c.o
/usr/bin/cc     -o CMakeFiles/cmTC_faafe.dir/CheckSymbolExists.c.o   -c /home/dlonng/Documents/pcl_work/BasicUsage/UsingPCLInYourOwnProject/build/CMakeFiles/CMakeTmp/CheckSymbolExists.c
Linking C executable cmTC_faafe
/usr/bin/cmake -E cmake_link_script CMakeFiles/cmTC_faafe.dir/link.txt --verbose=1
/usr/bin/cc       CMakeFiles/cmTC_faafe.dir/CheckSymbolExists.c.o  -o cmTC_faafe -rdynamic 
CMakeFiles/cmTC_faafe.dir/CheckSymbolExists.c.o: In function `main':
CheckSymbolExists.c:(.text+0x16): undefined reference to `pthread_create'
collect2: error: ld returned 1 exit status
CMakeFiles/cmTC_faafe.dir/build.make:97: recipe for target 'cmTC_faafe' failed
make[1]: *** [cmTC_faafe] Error 1
make[1]: Leaving directory '/home/dlonng/Documents/pcl_work/BasicUsage/UsingPCLInYourOwnProject/build/CMakeFiles/CMakeTmp'
Makefile:126: recipe for target 'cmTC_faafe/fast' failed
make: *** [cmTC_faafe/fast] Error 2

File /home/dlonng/Documents/pcl_work/BasicUsage/UsingPCLInYourOwnProject/build/CMakeFiles/CMakeTmp/CheckSymbolExists.c:
/* */
#include <pthread.h>

int main(int argc, char** argv)
{
  (void)argv;
#ifndef pthread_create
  return ((int*)(&pthread_create))[argc];
#else
  (void)argc;
  return 0;
#endif
}

Determining if the function pthread_create exists in the pthreads failed with the following output:
Change Dir: /home/dlonng/Documents/pcl_work/BasicUsage/UsingPCLInYourOwnProject/build/CMakeFiles/CMakeTmp

Run Build Command:"/usr/bin/make" "cmTC_23a37/fast"
/usr/bin/make -f CMakeFiles/cmTC_23a37.dir/build.make CMakeFiles/cmTC_23a37.dir/build
make[1]: Entering directory '/home/dlonng/Documents/pcl_work/BasicUsage/UsingPCLInYourOwnProject/build/CMakeFiles/CMakeTmp'
Building C object CMakeFiles/cmTC_23a37.dir/CheckFunctionExists.c.o
/usr/bin/cc    -DCHECK_FUNCTION_EXISTS=pthread_create   -o CMakeFiles/cmTC_23a37.dir/CheckFunctionExists.c.o   -c /usr/share/cmake-3.5/Modules/CheckFunctionExists.c
Linking C executable cmTC_23a37
/usr/bin/cmake -E cmake_link_script CMakeFiles/cmTC_23a37.dir/link.txt --verbose=1
/usr/bin/cc   -DCHECK_FUNCTION_EXISTS=pthread_create    CMakeFiles/cmTC_23a37.dir/CheckFunctionExists.c.o  -o cmTC_23a37 -rdynamic -lpthreads 
/usr/bin/x86_64-linux-gnu-ld: cannot find -lpthreads
collect2: error: ld returned 1 exit status
CMakeFiles/cmTC_23a37.dir/build.make:97: recipe for target 'cmTC_23a37' failed
make[1]: *** [cmTC_23a37] Error 1
make[1]: Leaving directory '/home/dlonng/Documents/pcl_work/BasicUsage/UsingPCLInYourOwnProject/build/CMakeFiles/CMakeTmp'
Makefile:126: recipe for target 'cmTC_23a37/fast' failed
make: *** [cmTC_23a37/fast] Error 2


