Determining if the pthread_create exist failed with the following output:
Change Dir: /home/dlonng/Autopilot-XMU/VisionSLAM14/ch6/cere_curve_fitting/build/CMakeFiles/CMakeTmp

Run Build Command:"/usr/bin/make" "cmTC_168ee/fast"
make[1]: Entering directory '/home/dlonng/Autopilot-XMU/VisionSLAM14/ch6/cere_curve_fitting/build/CMakeFiles/CMakeTmp'
/usr/bin/make -f CMakeFiles/cmTC_168ee.dir/build.make CMakeFiles/cmTC_168ee.dir/build
make[2]: Entering directory '/home/dlonng/Autopilot-XMU/VisionSLAM14/ch6/cere_curve_fitting/build/CMakeFiles/CMakeTmp'
Building C object CMakeFiles/cmTC_168ee.dir/CheckSymbolExists.c.o
/usr/bin/cc     -o CMakeFiles/cmTC_168ee.dir/CheckSymbolExists.c.o   -c /home/dlonng/Autopilot-XMU/VisionSLAM14/ch6/cere_curve_fitting/build/CMakeFiles/CMakeTmp/CheckSymbolExists.c
Linking C executable cmTC_168ee
/usr/bin/cmake -E cmake_link_script CMakeFiles/cmTC_168ee.dir/link.txt --verbose=1
/usr/bin/cc       CMakeFiles/cmTC_168ee.dir/CheckSymbolExists.c.o  -o cmTC_168ee -rdynamic 
CMakeFiles/cmTC_168ee.dir/CheckSymbolExists.c.o: In function `main':
CheckSymbolExists.c:(.text+0x16): undefined reference to `pthread_create'
collect2: error: ld returned 1 exit status
CMakeFiles/cmTC_168ee.dir/build.make:97: recipe for target 'cmTC_168ee' failed
make[2]: *** [cmTC_168ee] Error 1
make[2]: Leaving directory '/home/dlonng/Autopilot-XMU/VisionSLAM14/ch6/cere_curve_fitting/build/CMakeFiles/CMakeTmp'
Makefile:126: recipe for target 'cmTC_168ee/fast' failed
make[1]: *** [cmTC_168ee/fast] Error 2
make[1]: Leaving directory '/home/dlonng/Autopilot-XMU/VisionSLAM14/ch6/cere_curve_fitting/build/CMakeFiles/CMakeTmp'

File /home/dlonng/Autopilot-XMU/VisionSLAM14/ch6/cere_curve_fitting/build/CMakeFiles/CMakeTmp/CheckSymbolExists.c:
/* */
#include <pthread.h>

int main(int argc, char** argv)
{
  (void)argv;
#ifndef pthread_create
  return ((int*)(&pthread_create))[argc];
#else
  (void)argc;
  return 0;
#endif
}

Determining if the function pthread_create exists in the pthreads failed with the following output:
Change Dir: /home/dlonng/Autopilot-XMU/VisionSLAM14/ch6/cere_curve_fitting/build/CMakeFiles/CMakeTmp

Run Build Command:"/usr/bin/make" "cmTC_bb1ea/fast"
make[1]: Entering directory '/home/dlonng/Autopilot-XMU/VisionSLAM14/ch6/cere_curve_fitting/build/CMakeFiles/CMakeTmp'
/usr/bin/make -f CMakeFiles/cmTC_bb1ea.dir/build.make CMakeFiles/cmTC_bb1ea.dir/build
make[2]: Entering directory '/home/dlonng/Autopilot-XMU/VisionSLAM14/ch6/cere_curve_fitting/build/CMakeFiles/CMakeTmp'
Building C object CMakeFiles/cmTC_bb1ea.dir/CheckFunctionExists.c.o
/usr/bin/cc    -DCHECK_FUNCTION_EXISTS=pthread_create   -o CMakeFiles/cmTC_bb1ea.dir/CheckFunctionExists.c.o   -c /usr/share/cmake-3.5/Modules/CheckFunctionExists.c
Linking C executable cmTC_bb1ea
/usr/bin/cmake -E cmake_link_script CMakeFiles/cmTC_bb1ea.dir/link.txt --verbose=1
/usr/bin/cc   -DCHECK_FUNCTION_EXISTS=pthread_create    CMakeFiles/cmTC_bb1ea.dir/CheckFunctionExists.c.o  -o cmTC_bb1ea -rdynamic -lpthreads 
/usr/bin/ld: cannot find -lpthreads
collect2: error: ld returned 1 exit status
CMakeFiles/cmTC_bb1ea.dir/build.make:97: recipe for target 'cmTC_bb1ea' failed
make[2]: *** [cmTC_bb1ea] Error 1
make[2]: Leaving directory '/home/dlonng/Autopilot-XMU/VisionSLAM14/ch6/cere_curve_fitting/build/CMakeFiles/CMakeTmp'
Makefile:126: recipe for target 'cmTC_bb1ea/fast' failed
make[1]: *** [cmTC_bb1ea/fast] Error 2
make[1]: Leaving directory '/home/dlonng/Autopilot-XMU/VisionSLAM14/ch6/cere_curve_fitting/build/CMakeFiles/CMakeTmp'


